[0mGET / [32m200[0m 12.390 ms - 11[0m
::1 - - [08/Oct/2023:14:01:52 +0000] "GET / HTTP/1.1" 200 11 "-" "PostmanRuntime/7.32.3"
::1 - - [08/Oct/2023:14:02:23 +0000] "GET /register HTTP/1.1" 404 147 "-" "PostmanRuntime/7.32.3"
::1 - - [08/Oct/2023:14:03:44 +0000] "GET /api/auth/register HTTP/1.1" 404 156 "-" "PostmanRuntime/7.32.3"
::1 - - [08/Oct/2023:14:04:08 +0000] "GET /api/auth/register HTTP/1.1" 404 156 "-" "PostmanRuntime/7.32.3"
::1 - - [08/Oct/2023:14:04:24 +0000] "POST /api/auth/register HTTP/1.1" 200 180 "-" "PostmanRuntime/7.32.3"
::1 - - [08/Oct/2023:14:07:17 +0000] "POST /api/auth/register HTTP/1.1" 200 181 "-" "PostmanRuntime/7.32.3"
::1 - - [08/Oct/2023:14:07:24 +0000] "POST /api/auth/register HTTP/1.1" 200 181 "-" "PostmanRuntime/7.32.3"
::1 - - [08/Oct/2023:14:07:30 +0000] "POST /api/auth/register HTTP/1.1" 200 181 "-" "PostmanRuntime/7.32.3"
::1 - - [08/Oct/2023:14:12:26 +0000] "POST /api/auth/login HTTP/1.1" 200 423 "-" "PostmanRuntime/7.32.3"
::1 - - [08/Oct/2023:14:13:23 +0000] "POST /api/auth/login HTTP/1.1" 200 423 "-" "PostmanRuntime/7.32.3"
::1 - - [08/Oct/2023:15:07:42 +0000] "POST /api/auth/refresh HTTP/1.1" 400 36 "-" "PostmanRuntime/7.32.3"
::1 - - [08/Oct/2023:15:10:25 +0000] "POST /api/auth/register HTTP/1.1" 200 200 "-" "PostmanRuntime/7.32.3"
::1 - - [08/Oct/2023:15:10:29 +0000] "POST /api/auth/login HTTP/1.1" 200 423 "-" "PostmanRuntime/7.32.3"
::1 - - [08/Oct/2023:15:10:34 +0000] "POST /api/auth/refresh HTTP/1.1" 400 36 "-" "PostmanRuntime/7.32.3"
::1 - - [08/Oct/2023:15:11:11 +0000] "POST /api/auth/login HTTP/1.1" 200 423 "-" "PostmanRuntime/7.32.3"
::1 - - [08/Oct/2023:15:16:51 +0000] "POST /api/auth/login HTTP/1.1" 200 423 "-" "PostmanRuntime/7.32.3"
::1 - - [08/Oct/2023:15:17:04 +0000] "POST /api/auth/refresh HTTP/1.1" 400 36 "-" "PostmanRuntime/7.32.3"
::1 - - [08/Oct/2023:15:19:03 +0000] "POST /api/auth/refresh HTTP/1.1" 400 36 "-" "PostmanRuntime/7.32.3"
::1 - - [08/Oct/2023:15:19:59 +0000] "POST /api/auth/refresh HTTP/1.1" 400 36 "-" "PostmanRuntime/7.32.3"
::1 - - [08/Oct/2023:15:22:08 +0000] "POST /api/auth/refresh HTTP/1.1" 200 222 "-" "PostmanRuntime/7.32.3"
::1 - - [08/Oct/2023:15:22:38 +0000] "POST /api/auth/refresh HTTP/1.1" 400 36 "-" "PostmanRuntime/7.32.3"
::1 - - [08/Oct/2023:15:23:58 +0000] "POST /api/auth/login HTTP/1.1" 200 423 "-" "PostmanRuntime/7.32.3"
::1 - - [08/Oct/2023:15:24:06 +0000] "POST /api/auth/refresh HTTP/1.1" 200 222 "-" "PostmanRuntime/7.32.3"
::1 - - [08/Oct/2023:15:24:12 +0000] "POST /api/auth/refresh HTTP/1.1" 400 36 "-" "PostmanRuntime/7.32.3"
::1 - - [08/Oct/2023:15:25:48 +0000] "POST /api/auth/login HTTP/1.1" 200 423 "-" "PostmanRuntime/7.32.3"
::1 - - [08/Oct/2023:15:26:43 +0000] "POST /api/auth/login HTTP/1.1" 200 423 "-" "PostmanRuntime/7.32.3"
::1 - - [08/Oct/2023:15:26:49 +0000] "POST /api/auth/refresh HTTP/1.1" 200 225 "-" "PostmanRuntime/7.32.3"
::1 - - [08/Oct/2023:15:26:59 +0000] "POST /api/auth/refresh HTTP/1.1" 200 225 "-" "PostmanRuntime/7.32.3"
::1 - - [08/Oct/2023:15:29:15 +0000] "POST /api/auth/logout HTTP/1.1" 200 103 "-" "PostmanRuntime/7.32.3"
::1 - - [08/Oct/2023:15:31:28 +0000] "POST /api/auth/login HTTP/1.1" 200 423 "-" "PostmanRuntime/7.32.3"
::1 - - [08/Oct/2023:15:31:34 +0000] "POST /api/auth/logout HTTP/1.1" 200 185 "-" "PostmanRuntime/7.32.3"
::1 - - [08/Oct/2023:15:33:08 +0000] "POST /api/auth/login HTTP/1.1" 200 423 "-" "PostmanRuntime/7.32.3"
::1 - - [08/Oct/2023:15:33:14 +0000] "POST /api/auth/logout HTTP/1.1" 200 15 "-" "PostmanRuntime/7.32.3"
::1 - - [09/Oct/2023:05:20:50 +0000] "POST /api/auth/login HTTP/1.1" 200 423 "-" "PostmanRuntime/7.33.0"
::1 - - [09/Oct/2023:05:23:35 +0000] "GET /api/user/update-role/?userId=6522c661438607aea474bed3 HTTP/1.1" 404 160 "-" "PostmanRuntime/7.33.0"
::1 - - [09/Oct/2023:05:24:00 +0000] "POST /api/user/update-role/?userId=6522c661438607aea474bed3 HTTP/1.1" 404 161 "-" "PostmanRuntime/7.33.0"
::1 - - [09/Oct/2023:05:29:11 +0000] "POST /api/user/update-role/?userId=6522c661438607aea474bed3 HTTP/1.1" 404 161 "-" "PostmanRuntime/7.33.0"
::1 - - [09/Oct/2023:05:38:15 +0000] "POST /api/user/update-role/?userId=6522c661438607aea474bed3 HTTP/1.1" 404 161 "-" "PostmanRuntime/7.33.0"
::1 - - [09/Oct/2023:05:41:05 +0000] "POST /api/user/update-role/?userId=6522c661438607aea474bed3 HTTP/1.1" 404 161 "-" "PostmanRuntime/7.33.0"
::1 - - [09/Oct/2023:05:41:57 +0000] "POST /api/user/update-role/?userId=6522c661438607aea474bed3 HTTP/1.1" 404 161 "-" "PostmanRuntime/7.33.0"
::1 - - [09/Oct/2023:05:42:18 +0000] "POST /api/user/update-role/?userId=6522c661438607aea474bed3 HTTP/1.1" 404 161 "-" "PostmanRuntime/7.33.0"
::1 - - [09/Oct/2023:05:44:25 +0000] "POST /api/user/update-role/?userId=6522c661438607aea474bed3 HTTP/1.1" 404 161 "-" "PostmanRuntime/7.33.0"
::1 - - [09/Oct/2023:05:44:56 +0000] "POST /api/user/update-role/?userId=6522c661438607aea474bed3 HTTP/1.1" 404 161 "-" "PostmanRuntime/7.33.0"
::1 - - [09/Oct/2023:05:46:00 +0000] "POST /api/user/update-role/?userId=6522c661438607aea474bed3 HTTP/1.1" 404 161 "-" "PostmanRuntime/7.33.0"
::1 - - [09/Oct/2023:05:47:03 +0000] "POST /api/user/update-role/ HTTP/1.1" 404 161 "-" "PostmanRuntime/7.33.0"
::1 - - [09/Oct/2023:05:47:10 +0000] "POST /api/user/update-role/?userId=6522c661438607aea474bed3 HTTP/1.1" 404 161 "-" "PostmanRuntime/7.33.0"
::1 - - [09/Oct/2023:05:48:56 +0000] "GET / HTTP/1.1" 200 11 "-" "PostmanRuntime/7.33.0"
::1 - - [09/Oct/2023:05:49:10 +0000] "POST /api/user/list HTTP/1.1" 403 26 "-" "PostmanRuntime/7.33.0"
::1 - - [09/Oct/2023:05:49:52 +0000] "POST /api/user/delete HTTP/1.1" 404 155 "-" "PostmanRuntime/7.33.0"
::1 - - [09/Oct/2023:05:50:01 +0000] "POST /api/user/update-role/?userId=6522c661438607aea474bed3 HTTP/1.1" 404 161 "-" "PostmanRuntime/7.33.0"
::1 - - [09/Oct/2023:05:51:13 +0000] "PATCH /api/user/update-role/?userId=6522c661438607aea474bed3 HTTP/1.1" 404 162 "-" "PostmanRuntime/7.33.0"
::1 - - [09/Oct/2023:05:52:10 +0000] "PATCH /api/user/updaterole/?userId=6522c661438607aea474bed3 HTTP/1.1" 404 161 "-" "PostmanRuntime/7.33.0"
::1 - - [09/Oct/2023:05:59:43 +0000] "PATCH /api/user/updaterole/6522c661438607aea474bed3 HTTP/1.1" 404 185 "-" "PostmanRuntime/7.33.0"
::1 - - [12/Oct/2023:07:51:00 +0000] "PATCH /api/user/update-role/6522c661438607aea474bed3 HTTP/1.1" 200 464 "-" "PostmanRuntime/7.33.0"
::1 - - [12/Oct/2023:07:54:50 +0000] "PATCH /api/user/update-role/6522c661438607aea474bed3 HTTP/1.1" 200 584 "-" "PostmanRuntime/7.33.0"
::1 - - [12/Oct/2023:08:03:44 +0000] "PUT /api/user/update-role/6522c661438607aea474bed3 HTTP/1.1" 200 584 "-" "PostmanRuntime/7.33.0"
::1 - - [12/Oct/2023:08:18:11 +0000] "PUT /api/user/update-role/6522c661438607aea474bed3 HTTP/1.1" 200 584 "-" "PostmanRuntime/7.33.0"
::1 - - [12/Oct/2023:08:19:20 +0000] "PUT /api/user/update-role/6522c661438607aea474bed3 HTTP/1.1" 200 584 "-" "PostmanRuntime/7.33.0"
::1 - - [12/Oct/2023:08:20:32 +0000] "PUT /api/user/update-role/6522c661438607aea474bed3 HTTP/1.1" 200 584 "-" "PostmanRuntime/7.33.0"
::1 - - [12/Oct/2023:08:22:18 +0000] "POST /api/auth/login HTTP/1.1" 200 493 "-" "PostmanRuntime/7.33.0"
::1 - - [12/Oct/2023:08:22:30 +0000] "PUT /api/user/update-role/6522c661438607aea474bed3 HTTP/1.1" 403 26 "-" "PostmanRuntime/7.33.0"
::1 - - [12/Oct/2023:08:31:09 +0000] "PUT /api/user/update-role/6522c661438607aea474bed3 HTTP/1.1" 403 26 "-" "PostmanRuntime/7.33.0"
::1 - - [12/Oct/2023:08:31:53 +0000] "PUT /api/user/update-role/6522c661438607aea474bed3 HTTP/1.1" 403 26 "-" "PostmanRuntime/7.33.0"
::1 - - [12/Oct/2023:08:32:23 +0000] "PUT /api/user/update-role/6522c661438607aea474bed3 HTTP/1.1" 403 26 "-" "PostmanRuntime/7.33.0"
::1 - - [12/Oct/2023:08:32:48 +0000] "PUT /api/user/update-role/6522c661438607aea474bed3 HTTP/1.1" 403 26 "-" "PostmanRuntime/7.33.0"
::1 - - [12/Oct/2023:08:33:37 +0000] "PUT /api/user/update-role/6522c661438607aea474bed3 HTTP/1.1" 403 26 "-" "PostmanRuntime/7.33.0"
::1 - - [12/Oct/2023:08:35:36 +0000] "PUT /api/user/update-role/6522c661438607aea474bed3 HTTP/1.1" 200 22 "-" "PostmanRuntime/7.33.0"
::1 - - [12/Oct/2023:08:36:25 +0000] "PUT /api/user/update-role/6522c661438607aea474bed3 HTTP/1.1" 200 22 "-" "PostmanRuntime/7.33.0"
::1 - - [12/Oct/2023:08:37:53 +0000] "PUT /api/user/update-role/6522c661438607aea474bed3 HTTP/1.1" 200 584 "-" "PostmanRuntime/7.33.0"
::1 - - [12/Oct/2023:08:59:47 +0000] "PUT /api/user/update-role/6522c661438607aea474bed3 HTTP/1.1" 200 584 "-" "PostmanRuntime/7.33.0"
::1 - - [12/Oct/2023:09:01:28 +0000] "PUT /api/user/update-role/6522c661438607aea474bed3 HTTP/1.1" 200 584 "-" "PostmanRuntime/7.33.0"
::1 - - [12/Oct/2023:09:05:46 +0000] "POST /api/auth/register HTTP/1.1" 200 201 "-" "PostmanRuntime/7.33.0"
::1 - - [12/Oct/2023:09:05:53 +0000] "POST /api/auth/register HTTP/1.1" 200 201 "-" "PostmanRuntime/7.33.0"
::1 - - [12/Oct/2023:09:06:03 +0000] "POST /api/auth/register HTTP/1.1" 200 201 "-" "PostmanRuntime/7.33.0"
::1 - - [12/Oct/2023:09:06:09 +0000] "POST /api/auth/register HTTP/1.1" 200 201 "-" "PostmanRuntime/7.33.0"
::1 - - [12/Oct/2023:09:28:40 +0000] "POST /api/auth/register HTTP/1.1" 200 205 "-" "PostmanRuntime/7.33.0"
::1 - - [12/Oct/2023:09:29:07 +0000] "POST /api/auth/register HTTP/1.1" 200 227 "-" "PostmanRuntime/7.33.0"
::1 - - [12/Oct/2023:09:44:40 +0000] "POST /api/auth/register HTTP/1.1" 200 45 "-" "PostmanRuntime/7.33.0"
::1 - - [12/Oct/2023:09:45:47 +0000] "POST /api/auth/register HTTP/1.1" 200 298 "-" "PostmanRuntime/7.33.0"
::1 - - [12/Oct/2023:09:46:41 +0000] "POST /api/user/list HTTP/1.1" 200 62 "-" "PostmanRuntime/7.33.0"
::1 - - [12/Oct/2023:09:57:44 +0000] "POST /api/user/list HTTP/1.1" 200 1322 "-" "PostmanRuntime/7.33.0"
::1 - - [12/Oct/2023:16:17:57 +0000] "POST /api/user/list HTTP/1.1" 200 1322 "-" "PostmanRuntime/7.33.0"
::1 - - [12/Oct/2023:16:19:30 +0000] "POST /api/user/list HTTP/1.1" 200 1322 "-" "PostmanRuntime/7.33.0"
::1 - - [12/Oct/2023:16:21:35 +0000] "DELETE /api/user/delete/6527c04b228f88520b6537e6 HTTP/1.1" 200 311 "-" "PostmanRuntime/7.33.0"
